<?xml version="1.0" encoding="UTF-8"?>
<!-- Generated by org.testng.reporters.JUnitReportReporter -->
<testsuite hostname="LAPTOP-Q4CH59L7" failures="0" tests="1" name="neoStoxTestclasses.ValidateNeoStoxUserNameUsingPropertyfile" time="6.766" errors="0" timestamp="2022-12-22T16:07:59 IST" skipped="0">
  <testcase classname="neoStoxTestclasses.ValidateNeoStoxUserNameUsingPropertyfile" name="validateUserID" time="6.766"/>
  <system-out>
    <![CDATA[Waiting for 1000ms
getting actual user name = Hi Suraj Kawade
reading username from property file
Waiting for 1000ms
getting actual user name = Hi Suraj Kawade
Waiting for 500ms
taking screenshot]]>
  </system-out>
</testsuite> <!-- neoStoxTestclasses.ValidateNeoStoxUserNameUsingPropertyfile -->
